#
# There is insufficient memory for the Java Runtime Environment to continue.
# Native memory allocation (mmap) failed to map 7516192768 bytes for committing reserved memory.
# Possible reasons:
#   The system is out of physical RAM or swap space
#   In 32 bit mode, the process size limit was hit
# Possible solutions:
#   Reduce memory load on the system
#   Increase physical memory or swap space
#   Check if swap backing store is full
#   Use 64 bit Java on a 64 bit OS
#   Decrease Java heap size (-Xmx/-Xms)
#   Decrease number of Java threads
#   Decrease Java thread stack sizes (-Xss)
#   Set larger code cache with -XX:ReservedCodeCacheSize=
# This output file may be truncated or incomplete.
#
#  Out of Memory Error (os_linux.cpp:2651), pid=3009, tid=0x0000007f9cb66200
#
# JRE version:  (8.0_171-b11) (build )
# Java VM: OpenJDK 64-Bit Server VM (25.171-b11 mixed mode linux-aarch64 compressed oops)
# Failed to write core dump. Core dumps have been disabled. To enable core dumping, try "ulimit -c unlimited" before starting Java again
#

---------------  T H R E A D  ---------------

Current thread (0x0000007f9800a800):  JavaThread "Unknown thread" [_thread_in_vm, id=3012, stack(0x0000007f9c967000,0x0000007f9cb67000)]

Stack: [0x0000007f9c967000,0x0000007f9cb67000],  sp=0x0000007f9cb65030,  free space=2040k
Native frames: (J=compiled Java code, j=interpreted, Vv=VM code, C=native code)
V  [libjvm.so+0x9963ac]
V  [libjvm.so+0x433284]
V  [libjvm.so+0x7ebf24]
V  [libjvm.so+0x7e6510]
V  [libjvm.so+0x85dad0]
V  [libjvm.so+0x85fb68]
V  [libjvm.so+0x23c494]
V  [libjvm.so+0x810990]
V  [libjvm.so+0x95c6b8]
V  [libjvm.so+0x95c8dc]
V  [libjvm.so+0x559900]
V  [libjvm.so+0x941720]
V  [libjvm.so+0x5e1228]  JNI_CreateJavaVM+0xb8
C  [libjli.so+0x2dcc]
C  [libjli.so+0x6df8]
C  [libpthread.so.0+0x6fc4]  start_thread+0xa4
C  [libc.so.6+0xc6290]


---------------  P R O C E S S  ---------------

Java Threads: ( => current thread )

Other Threads:

=>0x0000007f9800a800 (exited) JavaThread "Unknown thread" [_thread_in_vm, id=3012, stack(0x0000007f9c967000,0x0000007f9cb67000)]

VM state:not at safepoint (not fully initialized)

VM Mutex/Monitor currently owned by a thread: None

GC Heap History (0 events):
No events

Deoptimization events (0 events):
No events

Classes redefined (0 events):
No events

Internal exceptions (0 events):
No events

Events (0 events):
No events


Dynamic libraries:
00400000-00401000 r-xp 00000000 b3:01 1190133                            /usr/lib/jvm/java-8-openjdk-arm64/jre/bin/java
00410000-00411000 r--p 00000000 b3:01 1190133                            /usr/lib/jvm/java-8-openjdk-arm64/jre/bin/java
00411000-00412000 rw-p 00001000 b3:01 1190133                            /usr/lib/jvm/java-8-openjdk-arm64/jre/bin/java
00412000-0045d000 rw-p 00000000 00:00 0                                  [heap]
540000000-600000000 ---p 00000000 00:00 0 
7f8ebff000-7f8ffff000 ---p 00000000 00:00 0 
7f8ffff000-7f90000000 rw-p 00000000 00:00 0 
7f90000000-7f90270000 rwxp 00000000 00:00 0 
7f90270000-7f98000000 ---p 00000000 00:00 0 
7f98000000-7f98046000 rw-p 00000000 00:00 0 
7f98046000-7f9c000000 ---p 00000000 00:00 0 
7f9c668000-7f9c672000 rw-p 00000000 00:00 0 
7f9c672000-7f9c868000 ---p 00000000 00:00 0 
7f9c868000-7f9c86f000 r-xp 00000000 b3:01 1190065                        /usr/lib/jvm/java-8-openjdk-arm64/jre/lib/aarch64/libzip.so
7f9c86f000-7f9c87e000 ---p 00007000 b3:01 1190065                        /usr/lib/jvm/java-8-openjdk-arm64/jre/lib/aarch64/libzip.so
7f9c87e000-7f9c87f000 r--p 00006000 b3:01 1190065                        /usr/lib/jvm/java-8-openjdk-arm64/jre/lib/aarch64/libzip.so
7f9c87f000-7f9c880000 rw-p 00007000 b3:01 1190065                        /usr/lib/jvm/java-8-openjdk-arm64/jre/lib/aarch64/libzip.so
7f9c880000-7f9c889000 r-xp 00000000 b3:01 1705268                        /lib/aarch64-linux-gnu/libnss_files-2.23.so
7f9c889000-7f9c898000 ---p 00009000 b3:01 1705268                        /lib/aarch64-linux-gnu/libnss_files-2.23.so
7f9c898000-7f9c899000 r--p 00008000 b3:01 1705268                        /lib/aarch64-linux-gnu/libnss_files-2.23.so
7f9c899000-7f9c89a000 rw-p 00009000 b3:01 1705268                        /lib/aarch64-linux-gnu/libnss_files-2.23.so
7f9c89a000-7f9c8a0000 rw-p 00000000 00:00 0 
7f9c8a0000-7f9c8a9000 r-xp 00000000 b3:01 1705270                        /lib/aarch64-linux-gnu/libnss_nis-2.23.so
7f9c8a9000-7f9c8b8000 ---p 00009000 b3:01 1705270                        /lib/aarch64-linux-gnu/libnss_nis-2.23.so
7f9c8b8000-7f9c8b9000 r--p 00008000 b3:01 1705270                        /lib/aarch64-linux-gnu/libnss_nis-2.23.so
7f9c8b9000-7f9c8ba000 rw-p 00009000 b3:01 1705270                        /lib/aarch64-linux-gnu/libnss_nis-2.23.so
7f9c8ba000-7f9c8cc000 r-xp 00000000 b3:01 1705072                        /lib/aarch64-linux-gnu/libnsl-2.23.so
7f9c8cc000-7f9c8db000 ---p 00012000 b3:01 1705072                        /lib/aarch64-linux-gnu/libnsl-2.23.so
7f9c8db000-7f9c8dc000 r--p 00011000 b3:01 1705072                        /lib/aarch64-linux-gnu/libnsl-2.23.so
7f9c8dc000-7f9c8dd000 rw-p 00012000 b3:01 1705072                        /lib/aarch64-linux-gnu/libnsl-2.23.so
7f9c8dd000-7f9c8df000 rw-p 00000000 00:00 0 
7f9c8df000-7f9c8e5000 r-xp 00000000 b3:01 1705252                        /lib/aarch64-linux-gnu/libnss_compat-2.23.so
7f9c8e5000-7f9c8f5000 ---p 00006000 b3:01 1705252                        /lib/aarch64-linux-gnu/libnss_compat-2.23.so
7f9c8f5000-7f9c8f6000 r--p 00006000 b3:01 1705252                        /lib/aarch64-linux-gnu/libnss_compat-2.23.so
7f9c8f6000-7f9c8f7000 rw-p 00007000 b3:01 1705252                        /lib/aarch64-linux-gnu/libnss_compat-2.23.so
7f9c8f7000-7f9c91d000 r-xp 00000000 b3:01 1190084                        /usr/lib/jvm/java-8-openjdk-arm64/jre/lib/aarch64/libjava.so
7f9c91d000-7f9c92c000 ---p 00026000 b3:01 1190084                        /usr/lib/jvm/java-8-openjdk-arm64/jre/lib/aarch64/libjava.so
7f9c92c000-7f9c92d000 r--p 00025000 b3:01 1190084                        /usr/lib/jvm/java-8-openjdk-arm64/jre/lib/aarch64/libjava.so
7f9c92d000-7f9c92f000 rw-p 00026000 b3:01 1190084                        /usr/lib/jvm/java-8-openjdk-arm64/jre/lib/aarch64/libjava.so
7f9c92f000-7f9c93e000 r-xp 00000000 b3:01 1190075                        /usr/lib/jvm/java-8-openjdk-arm64/jre/lib/aarch64/libverify.so
7f9c93e000-7f9c94d000 ---p 0000f000 b3:01 1190075                        /usr/lib/jvm/java-8-openjdk-arm64/jre/lib/aarch64/libverify.so
7f9c94d000-7f9c94f000 r--p 0000e000 b3:01 1190075                        /usr/lib/jvm/java-8-openjdk-arm64/jre/lib/aarch64/libverify.so
7f9c94f000-7f9c950000 rw-p 00010000 b3:01 1190075                        /usr/lib/jvm/java-8-openjdk-arm64/jre/lib/aarch64/libverify.so
7f9c950000-7f9c956000 r-xp 00000000 b3:01 1705088                        /lib/aarch64-linux-gnu/librt-2.23.so
7f9c956000-7f9c965000 ---p 00006000 b3:01 1705088                        /lib/aarch64-linux-gnu/librt-2.23.so
7f9c965000-7f9c966000 r--p 00005000 b3:01 1705088                        /lib/aarch64-linux-gnu/librt-2.23.so
7f9c966000-7f9c967000 rw-p 00006000 b3:01 1705088                        /lib/aarch64-linux-gnu/librt-2.23.so
7f9c967000-7f9c96a000 ---p 00000000 00:00 0 
7f9c96a000-7f9cb67000 rw-p 00000000 00:00 0 
7f9cb67000-7f9cb78000 r-xp 00000000 b3:01 1705301                        /lib/aarch64-linux-gnu/libgcc_s.so.1
7f9cb78000-7f9cb87000 ---p 00011000 b3:01 1705301                        /lib/aarch64-linux-gnu/libgcc_s.so.1
7f9cb87000-7f9cb88000 rw-p 00010000 b3:01 1705301                        /lib/aarch64-linux-gnu/libgcc_s.so.1
7f9cb88000-7f9cc24000 r-xp 00000000 b3:01 1705095                        /lib/aarch64-linux-gnu/libm-2.23.so
7f9cc24000-7f9cc33000 ---p 0009c000 b3:01 1705095                        /lib/aarch64-linux-gnu/libm-2.23.so
7f9cc33000-7f9cc34000 r--p 0009b000 b3:01 1705095                        /lib/aarch64-linux-gnu/libm-2.23.so
7f9cc34000-7f9cc35000 rw-p 0009c000 b3:01 1705095                        /lib/aarch64-linux-gnu/libm-2.23.so
7f9cc35000-7f9cda5000 r-xp 00000000 b3:01 1182263                        /usr/lib/aarch64-linux-gnu/libstdc++.so.6.0.21
7f9cda5000-7f9cdb4000 ---p 00170000 b3:01 1182263                        /usr/lib/aarch64-linux-gnu/libstdc++.so.6.0.21
7f9cdb4000-7f9cdbe000 r--p 0016f000 b3:01 1182263                        /usr/lib/aarch64-linux-gnu/libstdc++.so.6.0.21
7f9cdbe000-7f9cdc0000 rw-p 00179000 b3:01 1182263                        /usr/lib/aarch64-linux-gnu/libstdc++.so.6.0.21
7f9cdc0000-7f9cdc4000 rw-p 00000000 00:00 0 
7f9cdc4000-7f9d7ee000 r-xp 00000000 b3:01 1190090                        /usr/lib/jvm/java-8-openjdk-arm64/jre/lib/aarch64/server/libjvm.so
7f9d7ee000-7f9d7fd000 ---p 00a2a000 b3:01 1190090                        /usr/lib/jvm/java-8-openjdk-arm64/jre/lib/aarch64/server/libjvm.so
7f9d7fd000-7f9d87e000 r--p 00a29000 b3:01 1190090                        /usr/lib/jvm/java-8-openjdk-arm64/jre/lib/aarch64/server/libjvm.so
7f9d87e000-7f9d8a7000 rw-p 00aaa000 b3:01 1190090                        /usr/lib/jvm/java-8-openjdk-arm64/jre/lib/aarch64/server/libjvm.so
7f9d8a7000-7f9d908000 rw-p 00000000 00:00 0 
7f9d908000-7f9d91f000 r-xp 00000000 b3:01 1705239                        /lib/aarch64-linux-gnu/libpthread-2.23.so
7f9d91f000-7f9d92e000 ---p 00017000 b3:01 1705239                        /lib/aarch64-linux-gnu/libpthread-2.23.so
7f9d92e000-7f9d92f000 r--p 00016000 b3:01 1705239                        /lib/aarch64-linux-gnu/libpthread-2.23.so
7f9d92f000-7f9d930000 rw-p 00017000 b3:01 1705239                        /lib/aarch64-linux-gnu/libpthread-2.23.so
7f9d930000-7f9d934000 rw-p 00000000 00:00 0 
7f9d934000-7f9d936000 r-xp 00000000 b3:01 1705298                        /lib/aarch64-linux-gnu/libdl-2.23.so
7f9d936000-7f9d945000 ---p 00002000 b3:01 1705298                        /lib/aarch64-linux-gnu/libdl-2.23.so
7f9d945000-7f9d946000 r--p 00001000 b3:01 1705298                        /lib/aarch64-linux-gnu/libdl-2.23.so
7f9d946000-7f9d947000 rw-p 00002000 b3:01 1705298                        /lib/aarch64-linux-gnu/libdl-2.23.so
7f9d947000-7f9d95d000 r-xp 00000000 b3:01 1705320                        /lib/aarch64-linux-gnu/libz.so.1.2.8
7f9d95d000-7f9d96c000 ---p 00016000 b3:01 1705320                        /lib/aarch64-linux-gnu/libz.so.1.2.8
7f9d96c000-7f9d96d000 r--p 00015000 b3:01 1705320                        /lib/aarch64-linux-gnu/libz.so.1.2.8
7f9d96d000-7f9d96e000 rw-p 00016000 b3:01 1705320                        /lib/aarch64-linux-gnu/libz.so.1.2.8
7f9d96e000-7f9da9c000 r-xp 00000000 b3:01 1705305                        /lib/aarch64-linux-gnu/libc-2.23.so
7f9da9c000-7f9daab000 ---p 0012e000 b3:01 1705305                        /lib/aarch64-linux-gnu/libc-2.23.so
7f9daab000-7f9daaf000 r--p 0012d000 b3:01 1705305                        /lib/aarch64-linux-gnu/libc-2.23.so
7f9daaf000-7f9dab1000 rw-p 00131000 b3:01 1705305                        /lib/aarch64-linux-gnu/libc-2.23.so
7f9dab1000-7f9dab5000 rw-p 00000000 00:00 0 
7f9dacc000-7f9dad4000 rw-s 00000000 b3:01 402298                         /tmp/hsperfdata_nvidia/3009
7f9dad4000-7f9dae1000 r-xp 00000000 b3:01 1190092                        /usr/lib/jvm/java-8-openjdk-arm64/jre/lib/aarch64/jli/libjli.so
7f9dae1000-7f9daf0000 ---p 0000d000 b3:01 1190092                        /usr/lib/jvm/java-8-openjdk-arm64/jre/lib/aarch64/jli/libjli.so
7f9daf0000-7f9daf1000 r--p 0000c000 b3:01 1190092                        /usr/lib/jvm/java-8-openjdk-arm64/jre/lib/aarch64/jli/libjli.so
7f9daf1000-7f9daf2000 rw-p 0000d000 b3:01 1190092                        /usr/lib/jvm/java-8-openjdk-arm64/jre/lib/aarch64/jli/libjli.so
7f9daf2000-7f9db0e000 r-xp 00000000 b3:01 1705265                        /lib/aarch64-linux-gnu/ld-2.23.so
7f9db15000-7f9db16000 r--p 00000000 00:00 0 
7f9db16000-7f9db1c000 rw-p 00000000 00:00 0 
7f9db1c000-7f9db1d000 r--p 00000000 00:00 0                              [vvar]
7f9db1d000-7f9db1e000 r-xp 00000000 00:00 0                              [vdso]
7f9db1e000-7f9db1f000 r--p 0001c000 b3:01 1705265                        /lib/aarch64-linux-gnu/ld-2.23.so
7f9db1f000-7f9db21000 rw-p 0001d000 b3:01 1705265                        /lib/aarch64-linux-gnu/ld-2.23.so
7fdcb99000-7fdcbba000 rw-p 00000000 00:00 0                              [stack]

VM Arguments:
jvm_args: -Djava.library.path=/home/nvidia/ysnam/gpuenabler/GPUEnabler/gpu-enabler/target/lib/ -Xms8G -Xmx10G -Xmn7G 
java_command: /home/nvidia/ysnam/gpuenabler/GPUEnabler/gpu-enabler/target/surefire/surefirebooter6164391320360327377.jar /home/nvidia/ysnam/gpuenabler/GPUEnabler/gpu-enabler/target/surefire/surefire2711819775062237367tmp /home/nvidia/ysnam/gpuenabler/GPUEnabler/gpu-enabler/target/surefire/surefire_01607128828557090337tmp
java_class_path (initial): /home/nvidia/ysnam/gpuenabler/GPUEnabler/gpu-enabler/target/surefire/surefirebooter6164391320360327377.jar
Launcher Type: SUN_STANDARD

Environment Variables:
JAVA_HOME=/usr/lib/jvm/java-1.8.0-openjdk-arm64
PATH=/opt/apache-maven-3.5.4/bin:/usr/local/cuda-9.0/bin:/usr/local/sbin:/usr/local/bin:/usr/sbin:/usr/bin:/sbin:/bin:/snap/bin
LD_LIBRARY_PATH=/usr/local/cuda-9.0/lib64:
SHELL=/bin/bash

Signal Handlers:
SIGSEGV: [libjvm.so+0x996cc8], sa_mask[0]=11111111011111111101111111111110, sa_flags=SA_RESTART|SA_SIGINFO
SIGBUS: [libjvm.so+0x996cc8], sa_mask[0]=11111111011111111101111111111110, sa_flags=SA_RESTART|SA_SIGINFO
SIGFPE: [libjvm.so+0x7e7548], sa_mask[0]=11111111011111111101111111111110, sa_flags=SA_RESTART|SA_SIGINFO
SIGPIPE: [libjvm.so+0x7e7548], sa_mask[0]=11111111011111111101111111111110, sa_flags=SA_RESTART|SA_SIGINFO
SIGXFSZ: [libjvm.so+0x7e7548], sa_mask[0]=11111111011111111101111111111110, sa_flags=SA_RESTART|SA_SIGINFO
SIGILL: [libjvm.so+0x7e7548], sa_mask[0]=11111111011111111101111111111110, sa_flags=SA_RESTART|SA_SIGINFO
SIGUSR1: SIG_DFL, sa_mask[0]=00000000000000000000000000000000, sa_flags=none
SIGUSR2: [libjvm.so+0x7e7408], sa_mask[0]=00100000000000000000000000000000, sa_flags=SA_RESTART|SA_SIGINFO
SIGHUP: SIG_DFL, sa_mask[0]=00000000000000000000000000000000, sa_flags=none
SIGINT: SIG_DFL, sa_mask[0]=00000000000000000000000000000000, sa_flags=none
SIGTERM: SIG_DFL, sa_mask[0]=00000000000000000000000000000000, sa_flags=none
SIGQUIT: SIG_DFL, sa_mask[0]=00000000000000000000000000000000, sa_flags=none


---------------  S Y S T E M  ---------------

OS:DISTRIB_ID=Ubuntu
DISTRIB_RELEASE=16.04
DISTRIB_CODENAME=xenial
DISTRIB_DESCRIPTION="Ubuntu 16.04 LTS"

uname:Linux 4.4.38-tegra #1 SMP PREEMPT Thu May 17 00:15:19 PDT 2018 aarch64
libc:glibc 2.23 NPTL 2.23 
rlimit: STACK 8192k, CORE 0k, NPROC 31124, NOFILE 1048576, AS infinity
load average:2.93 1.59 1.26

/proc/meminfo:
MemTotal:        8034572 kB
MemFree:         1146204 kB
MemAvailable:    5634368 kB
Buffers:          159500 kB
Cached:          4052884 kB
SwapCached:            0 kB
Active:          3539828 kB
Inactive:        2047512 kB
Active(anon):    1376784 kB
Inactive(anon):    22844 kB
Active(file):    2163044 kB
Inactive(file):  2024668 kB
Unevictable:          32 kB
Mlocked:              32 kB
SwapTotal:             0 kB
SwapFree:              0 kB
Dirty:               268 kB
Writeback:             0 kB
AnonPages:       1375260 kB
Mapped:           373392 kB
Shmem:             24672 kB
Slab:             404848 kB
SReclaimable:     342932 kB
SUnreclaim:        61916 kB
KernelStack:        9968 kB
PageTables:        15332 kB
NFS_Unstable:          0 kB
Bounce:                0 kB
WritebackTmp:          0 kB
CommitLimit:     4017284 kB
Committed_AS:    5551624 kB
VmallocTotal:   258998208 kB
VmallocUsed:           0 kB
VmallocChunk:          0 kB
NvMapMemFree:     122940 kB
NvMapMemUsed:     587216 kB
CmaTotal:          65536 kB
CmaFree:           58948 kB


CPU:total 6 (initial active 4) simd, crc, aes, sha1, sha256

/proc/cpuinfo:
processor	: 0
model name	: ARMv8 Processor rev 3 (v8l)
BogoMIPS	: 62.50
Features	: fp asimd evtstrm aes pmull sha1 sha2 crc32
CPU implementer	: 0x41
CPU architecture: 8
CPU variant	: 0x1
CPU part	: 0xd07
CPU revision	: 3

processor	: 3
model name	: ARMv8 Processor rev 3 (v8l)
BogoMIPS	: 62.50
Features	: fp asimd evtstrm aes pmull sha1 sha2 crc32
CPU implementer	: 0x41
CPU architecture: 8
CPU variant	: 0x1
CPU part	: 0xd07
CPU revision	: 3

processor	: 4
model name	: ARMv8 Processor rev 3 (v8l)
BogoMIPS	: 62.50
Features	: fp asimd evtstrm aes pmull sha1 sha2 crc32
CPU implementer	: 0x41
CPU architecture: 8
CPU variant	: 0x1
CPU part	: 0xd07
CPU revision	: 3

processor	: 5
model name	: ARMv8 Processor rev 3 (v8l)
BogoMIPS	: 62.50
Features	: fp asimd evtstrm aes pmull sha1 sha2 crc32
CPU implementer	: 0x41
CPU architecture: 8
CPU variant	: 0x1
CPU part	: 0xd07
CPU revision	: 3



Memory: 4k page, physical 8034572k(1146204k free), swap 0k(0k free)

vm_info: OpenJDK 64-Bit Server VM (25.171-b11) for linux-aarch64 JRE (1.8.0_171-8u171-b11-0ubuntu0.16.04.1-b11), built on Apr 27 2018 17:28:41 by "buildd" with gcc 5.4.0 20160609

time: Mon Jul 23 17:32:37 2018
elapsed time: 0 seconds (0d 0h 0m 0s)

