#
# There is insufficient memory for the Java Runtime Environment to continue.
# Native memory allocation (mmap) failed to map 7516192768 bytes for committing reserved memory.
# Possible reasons:
#   The system is out of physical RAM or swap space
#   In 32 bit mode, the process size limit was hit
# Possible solutions:
#   Reduce memory load on the system
#   Increase physical memory or swap space
#   Check if swap backing store is full
#   Use 64 bit Java on a 64 bit OS
#   Decrease Java heap size (-Xmx/-Xms)
#   Decrease number of Java threads
#   Decrease Java thread stack sizes (-Xss)
#   Set larger code cache with -XX:ReservedCodeCacheSize=
# This output file may be truncated or incomplete.
#
#  Out of Memory Error (os_linux.cpp:2651), pid=3606, tid=0x0000007f78425200
#
# JRE version:  (8.0_171-b11) (build )
# Java VM: OpenJDK 64-Bit Server VM (25.171-b11 mixed mode linux-aarch64 compressed oops)
# Failed to write core dump. Core dumps have been disabled. To enable core dumping, try "ulimit -c unlimited" before starting Java again
#

---------------  T H R E A D  ---------------

Current thread (0x0000007f7400a800):  JavaThread "Unknown thread" [_thread_in_vm, id=3610, stack(0x0000007f78226000,0x0000007f78426000)]

Stack: [0x0000007f78226000,0x0000007f78426000],  sp=0x0000007f78424030,  free space=2040k
Native frames: (J=compiled Java code, j=interpreted, Vv=VM code, C=native code)
V  [libjvm.so+0x9963ac]
V  [libjvm.so+0x433284]
V  [libjvm.so+0x7ebf24]
V  [libjvm.so+0x7e6510]
V  [libjvm.so+0x85dad0]
V  [libjvm.so+0x85fb68]
V  [libjvm.so+0x23c494]
V  [libjvm.so+0x810990]
V  [libjvm.so+0x95c6b8]
V  [libjvm.so+0x95c8dc]
V  [libjvm.so+0x559900]
V  [libjvm.so+0x941720]
V  [libjvm.so+0x5e1228]  JNI_CreateJavaVM+0xb8
C  [libjli.so+0x2dcc]
C  [libjli.so+0x6df8]
C  [libpthread.so.0+0x6fc4]  start_thread+0xa4
C  [libc.so.6+0xc6290]


---------------  P R O C E S S  ---------------

Java Threads: ( => current thread )

Other Threads:

=>0x0000007f7400a800 (exited) JavaThread "Unknown thread" [_thread_in_vm, id=3610, stack(0x0000007f78226000,0x0000007f78426000)]

VM state:not at safepoint (not fully initialized)

VM Mutex/Monitor currently owned by a thread: None

GC Heap History (0 events):
No events

Deoptimization events (0 events):
No events

Classes redefined (0 events):
No events

Internal exceptions (0 events):
No events

Events (0 events):
No events


Dynamic libraries:
00400000-00401000 r-xp 00000000 b3:01 1190133                            /usr/lib/jvm/java-8-openjdk-arm64/jre/bin/java
00410000-00411000 r--p 00000000 b3:01 1190133                            /usr/lib/jvm/java-8-openjdk-arm64/jre/bin/java
00411000-00412000 rw-p 00001000 b3:01 1190133                            /usr/lib/jvm/java-8-openjdk-arm64/jre/bin/java
00412000-0045d000 rw-p 00000000 00:00 0                                  [heap]
540000000-600000000 ---p 00000000 00:00 0 
7f6a9ff000-7f6bdff000 ---p 00000000 00:00 0 
7f6bdff000-7f6be0a000 rw-p 00000000 00:00 0 
7f6be0a000-7f6c000000 ---p 00000000 00:00 0 
7f6c000000-7f6c270000 rwxp 00000000 00:00 0 
7f6c270000-7f74000000 ---p 00000000 00:00 0 
7f74000000-7f74046000 rw-p 00000000 00:00 0 
7f74046000-7f78000000 ---p 00000000 00:00 0 
7f78127000-7f7812e000 r-xp 00000000 b3:01 1190065                        /usr/lib/jvm/java-8-openjdk-arm64/jre/lib/aarch64/libzip.so
7f7812e000-7f7813d000 ---p 00007000 b3:01 1190065                        /usr/lib/jvm/java-8-openjdk-arm64/jre/lib/aarch64/libzip.so
7f7813d000-7f7813e000 r--p 00006000 b3:01 1190065                        /usr/lib/jvm/java-8-openjdk-arm64/jre/lib/aarch64/libzip.so
7f7813e000-7f7813f000 rw-p 00007000 b3:01 1190065                        /usr/lib/jvm/java-8-openjdk-arm64/jre/lib/aarch64/libzip.so
7f7813f000-7f78148000 r-xp 00000000 b3:01 1705268                        /lib/aarch64-linux-gnu/libnss_files-2.23.so
7f78148000-7f78157000 ---p 00009000 b3:01 1705268                        /lib/aarch64-linux-gnu/libnss_files-2.23.so
7f78157000-7f78158000 r--p 00008000 b3:01 1705268                        /lib/aarch64-linux-gnu/libnss_files-2.23.so
7f78158000-7f78159000 rw-p 00009000 b3:01 1705268                        /lib/aarch64-linux-gnu/libnss_files-2.23.so
7f78159000-7f7815f000 rw-p 00000000 00:00 0 
7f7815f000-7f78168000 r-xp 00000000 b3:01 1705270                        /lib/aarch64-linux-gnu/libnss_nis-2.23.so
7f78168000-7f78177000 ---p 00009000 b3:01 1705270                        /lib/aarch64-linux-gnu/libnss_nis-2.23.so
7f78177000-7f78178000 r--p 00008000 b3:01 1705270                        /lib/aarch64-linux-gnu/libnss_nis-2.23.so
7f78178000-7f78179000 rw-p 00009000 b3:01 1705270                        /lib/aarch64-linux-gnu/libnss_nis-2.23.so
7f78179000-7f7818b000 r-xp 00000000 b3:01 1705072                        /lib/aarch64-linux-gnu/libnsl-2.23.so
7f7818b000-7f7819a000 ---p 00012000 b3:01 1705072                        /lib/aarch64-linux-gnu/libnsl-2.23.so
7f7819a000-7f7819b000 r--p 00011000 b3:01 1705072                        /lib/aarch64-linux-gnu/libnsl-2.23.so
7f7819b000-7f7819c000 rw-p 00012000 b3:01 1705072                        /lib/aarch64-linux-gnu/libnsl-2.23.so
7f7819c000-7f7819e000 rw-p 00000000 00:00 0 
7f7819e000-7f781a4000 r-xp 00000000 b3:01 1705252                        /lib/aarch64-linux-gnu/libnss_compat-2.23.so
7f781a4000-7f781b4000 ---p 00006000 b3:01 1705252                        /lib/aarch64-linux-gnu/libnss_compat-2.23.so
7f781b4000-7f781b5000 r--p 00006000 b3:01 1705252                        /lib/aarch64-linux-gnu/libnss_compat-2.23.so
7f781b5000-7f781b6000 rw-p 00007000 b3:01 1705252                        /lib/aarch64-linux-gnu/libnss_compat-2.23.so
7f781b6000-7f781dc000 r-xp 00000000 b3:01 1190084                        /usr/lib/jvm/java-8-openjdk-arm64/jre/lib/aarch64/libjava.so
7f781dc000-7f781eb000 ---p 00026000 b3:01 1190084                        /usr/lib/jvm/java-8-openjdk-arm64/jre/lib/aarch64/libjava.so
7f781eb000-7f781ec000 r--p 00025000 b3:01 1190084                        /usr/lib/jvm/java-8-openjdk-arm64/jre/lib/aarch64/libjava.so
7f781ec000-7f781ee000 rw-p 00026000 b3:01 1190084                        /usr/lib/jvm/java-8-openjdk-arm64/jre/lib/aarch64/libjava.so
7f781ee000-7f781fd000 r-xp 00000000 b3:01 1190075                        /usr/lib/jvm/java-8-openjdk-arm64/jre/lib/aarch64/libverify.so
7f781fd000-7f7820c000 ---p 0000f000 b3:01 1190075                        /usr/lib/jvm/java-8-openjdk-arm64/jre/lib/aarch64/libverify.so
7f7820c000-7f7820e000 r--p 0000e000 b3:01 1190075                        /usr/lib/jvm/java-8-openjdk-arm64/jre/lib/aarch64/libverify.so
7f7820e000-7f7820f000 rw-p 00010000 b3:01 1190075                        /usr/lib/jvm/java-8-openjdk-arm64/jre/lib/aarch64/libverify.so
7f7820f000-7f78215000 r-xp 00000000 b3:01 1705088                        /lib/aarch64-linux-gnu/librt-2.23.so
7f78215000-7f78224000 ---p 00006000 b3:01 1705088                        /lib/aarch64-linux-gnu/librt-2.23.so
7f78224000-7f78225000 r--p 00005000 b3:01 1705088                        /lib/aarch64-linux-gnu/librt-2.23.so
7f78225000-7f78226000 rw-p 00006000 b3:01 1705088                        /lib/aarch64-linux-gnu/librt-2.23.so
7f78226000-7f78229000 ---p 00000000 00:00 0 
7f78229000-7f78426000 rw-p 00000000 00:00 0 
7f78426000-7f78437000 r-xp 00000000 b3:01 1705301                        /lib/aarch64-linux-gnu/libgcc_s.so.1
7f78437000-7f78446000 ---p 00011000 b3:01 1705301                        /lib/aarch64-linux-gnu/libgcc_s.so.1
7f78446000-7f78447000 rw-p 00010000 b3:01 1705301                        /lib/aarch64-linux-gnu/libgcc_s.so.1
7f78447000-7f784e3000 r-xp 00000000 b3:01 1705095                        /lib/aarch64-linux-gnu/libm-2.23.so
7f784e3000-7f784f2000 ---p 0009c000 b3:01 1705095                        /lib/aarch64-linux-gnu/libm-2.23.so
7f784f2000-7f784f3000 r--p 0009b000 b3:01 1705095                        /lib/aarch64-linux-gnu/libm-2.23.so
7f784f3000-7f784f4000 rw-p 0009c000 b3:01 1705095                        /lib/aarch64-linux-gnu/libm-2.23.so
7f784f4000-7f78664000 r-xp 00000000 b3:01 1182263                        /usr/lib/aarch64-linux-gnu/libstdc++.so.6.0.21
7f78664000-7f78673000 ---p 00170000 b3:01 1182263                        /usr/lib/aarch64-linux-gnu/libstdc++.so.6.0.21
7f78673000-7f7867d000 r--p 0016f000 b3:01 1182263                        /usr/lib/aarch64-linux-gnu/libstdc++.so.6.0.21
7f7867d000-7f7867f000 rw-p 00179000 b3:01 1182263                        /usr/lib/aarch64-linux-gnu/libstdc++.so.6.0.21
7f7867f000-7f78683000 rw-p 00000000 00:00 0 
7f78683000-7f790ad000 r-xp 00000000 b3:01 1190090                        /usr/lib/jvm/java-8-openjdk-arm64/jre/lib/aarch64/server/libjvm.so
7f790ad000-7f790bc000 ---p 00a2a000 b3:01 1190090                        /usr/lib/jvm/java-8-openjdk-arm64/jre/lib/aarch64/server/libjvm.so
7f790bc000-7f7913d000 r--p 00a29000 b3:01 1190090                        /usr/lib/jvm/java-8-openjdk-arm64/jre/lib/aarch64/server/libjvm.so
7f7913d000-7f79166000 rw-p 00aaa000 b3:01 1190090                        /usr/lib/jvm/java-8-openjdk-arm64/jre/lib/aarch64/server/libjvm.so
7f79166000-7f791c7000 rw-p 00000000 00:00 0 
7f791c7000-7f791de000 r-xp 00000000 b3:01 1705239                        /lib/aarch64-linux-gnu/libpthread-2.23.so
7f791de000-7f791ed000 ---p 00017000 b3:01 1705239                        /lib/aarch64-linux-gnu/libpthread-2.23.so
7f791ed000-7f791ee000 r--p 00016000 b3:01 1705239                        /lib/aarch64-linux-gnu/libpthread-2.23.so
7f791ee000-7f791ef000 rw-p 00017000 b3:01 1705239                        /lib/aarch64-linux-gnu/libpthread-2.23.so
7f791ef000-7f791f3000 rw-p 00000000 00:00 0 
7f791f3000-7f791f5000 r-xp 00000000 b3:01 1705298                        /lib/aarch64-linux-gnu/libdl-2.23.so
7f791f5000-7f79204000 ---p 00002000 b3:01 1705298                        /lib/aarch64-linux-gnu/libdl-2.23.so
7f79204000-7f79205000 r--p 00001000 b3:01 1705298                        /lib/aarch64-linux-gnu/libdl-2.23.so
7f79205000-7f79206000 rw-p 00002000 b3:01 1705298                        /lib/aarch64-linux-gnu/libdl-2.23.so
7f79206000-7f7921c000 r-xp 00000000 b3:01 1705320                        /lib/aarch64-linux-gnu/libz.so.1.2.8
7f7921c000-7f7922b000 ---p 00016000 b3:01 1705320                        /lib/aarch64-linux-gnu/libz.so.1.2.8
7f7922b000-7f7922c000 r--p 00015000 b3:01 1705320                        /lib/aarch64-linux-gnu/libz.so.1.2.8
7f7922c000-7f7922d000 rw-p 00016000 b3:01 1705320                        /lib/aarch64-linux-gnu/libz.so.1.2.8
7f7922d000-7f7935b000 r-xp 00000000 b3:01 1705305                        /lib/aarch64-linux-gnu/libc-2.23.so
7f7935b000-7f7936a000 ---p 0012e000 b3:01 1705305                        /lib/aarch64-linux-gnu/libc-2.23.so
7f7936a000-7f7936e000 r--p 0012d000 b3:01 1705305                        /lib/aarch64-linux-gnu/libc-2.23.so
7f7936e000-7f79370000 rw-p 00131000 b3:01 1705305                        /lib/aarch64-linux-gnu/libc-2.23.so
7f79370000-7f79374000 rw-p 00000000 00:00 0 
7f7938b000-7f79393000 rw-s 00000000 b3:01 402298                         /tmp/hsperfdata_nvidia/3606
7f79393000-7f793a0000 r-xp 00000000 b3:01 1190092                        /usr/lib/jvm/java-8-openjdk-arm64/jre/lib/aarch64/jli/libjli.so
7f793a0000-7f793af000 ---p 0000d000 b3:01 1190092                        /usr/lib/jvm/java-8-openjdk-arm64/jre/lib/aarch64/jli/libjli.so
7f793af000-7f793b0000 r--p 0000c000 b3:01 1190092                        /usr/lib/jvm/java-8-openjdk-arm64/jre/lib/aarch64/jli/libjli.so
7f793b0000-7f793b1000 rw-p 0000d000 b3:01 1190092                        /usr/lib/jvm/java-8-openjdk-arm64/jre/lib/aarch64/jli/libjli.so
7f793b1000-7f793cd000 r-xp 00000000 b3:01 1705265                        /lib/aarch64-linux-gnu/ld-2.23.so
7f793d4000-7f793d5000 r--p 00000000 00:00 0 
7f793d5000-7f793db000 rw-p 00000000 00:00 0 
7f793db000-7f793dc000 r--p 00000000 00:00 0                              [vvar]
7f793dc000-7f793dd000 r-xp 00000000 00:00 0                              [vdso]
7f793dd000-7f793de000 r--p 0001c000 b3:01 1705265                        /lib/aarch64-linux-gnu/ld-2.23.so
7f793de000-7f793e0000 rw-p 0001d000 b3:01 1705265                        /lib/aarch64-linux-gnu/ld-2.23.so
7ff0570000-7ff0591000 rw-p 00000000 00:00 0                              [stack]

VM Arguments:
jvm_args: -Djava.library.path=/home/nvidia/ysnam/gpuenabler/GPUEnabler/gpu-enabler/target/lib/ -Xms8G -Xmx10G -Xmn7G 
java_command: /home/nvidia/ysnam/gpuenabler/GPUEnabler/gpu-enabler/target/surefire/surefirebooter2458673024198089708.jar /home/nvidia/ysnam/gpuenabler/GPUEnabler/gpu-enabler/target/surefire/surefire465233904070687375tmp /home/nvidia/ysnam/gpuenabler/GPUEnabler/gpu-enabler/target/surefire/surefire_02263996755406917352tmp
java_class_path (initial): /home/nvidia/ysnam/gpuenabler/GPUEnabler/gpu-enabler/target/surefire/surefirebooter2458673024198089708.jar
Launcher Type: SUN_STANDARD

Environment Variables:
JAVA_HOME=/usr/lib/jvm/java-1.8.0-openjdk-arm64
PATH=/opt/apache-maven-3.5.4/bin:/usr/local/cuda-9.0/bin:/usr/local/sbin:/usr/local/bin:/usr/sbin:/usr/bin:/sbin:/bin:/snap/bin
LD_LIBRARY_PATH=/usr/local/cuda-9.0/lib64:
SHELL=/bin/bash

Signal Handlers:
SIGSEGV: [libjvm.so+0x996cc8], sa_mask[0]=11111111011111111101111111111110, sa_flags=SA_RESTART|SA_SIGINFO
SIGBUS: [libjvm.so+0x996cc8], sa_mask[0]=11111111011111111101111111111110, sa_flags=SA_RESTART|SA_SIGINFO
SIGFPE: [libjvm.so+0x7e7548], sa_mask[0]=11111111011111111101111111111110, sa_flags=SA_RESTART|SA_SIGINFO
SIGPIPE: [libjvm.so+0x7e7548], sa_mask[0]=11111111011111111101111111111110, sa_flags=SA_RESTART|SA_SIGINFO
SIGXFSZ: [libjvm.so+0x7e7548], sa_mask[0]=11111111011111111101111111111110, sa_flags=SA_RESTART|SA_SIGINFO
SIGILL: [libjvm.so+0x7e7548], sa_mask[0]=11111111011111111101111111111110, sa_flags=SA_RESTART|SA_SIGINFO
SIGUSR1: SIG_DFL, sa_mask[0]=00000000000000000000000000000000, sa_flags=none
SIGUSR2: [libjvm.so+0x7e7408], sa_mask[0]=00100000000000000000000000000000, sa_flags=SA_RESTART|SA_SIGINFO
SIGHUP: SIG_DFL, sa_mask[0]=00000000000000000000000000000000, sa_flags=none
SIGINT: SIG_DFL, sa_mask[0]=00000000000000000000000000000000, sa_flags=none
SIGTERM: SIG_DFL, sa_mask[0]=00000000000000000000000000000000, sa_flags=none
SIGQUIT: SIG_DFL, sa_mask[0]=00000000000000000000000000000000, sa_flags=none


---------------  S Y S T E M  ---------------

OS:DISTRIB_ID=Ubuntu
DISTRIB_RELEASE=16.04
DISTRIB_CODENAME=xenial
DISTRIB_DESCRIPTION="Ubuntu 16.04 LTS"

uname:Linux 4.4.38-tegra #1 SMP PREEMPT Thu May 17 00:15:19 PDT 2018 aarch64
libc:glibc 2.23 NPTL 2.23 
rlimit: STACK 8192k, CORE 0k, NPROC 31124, NOFILE 1048576, AS infinity
load average:4.06 3.65 2.57

/proc/meminfo:
MemTotal:        8034572 kB
MemFree:         1151288 kB
MemAvailable:    5621124 kB
Buffers:          160596 kB
Cached:          4034616 kB
SwapCached:            0 kB
Active:          3537040 kB
Inactive:        2047700 kB
Active(anon):    1391356 kB
Inactive(anon):    22844 kB
Active(file):    2145684 kB
Inactive(file):  2024856 kB
Unevictable:          32 kB
Mlocked:              32 kB
SwapTotal:             0 kB
SwapFree:              0 kB
Dirty:               248 kB
Writeback:             0 kB
AnonPages:       1389696 kB
Mapped:           373824 kB
Shmem:             24672 kB
Slab:             403972 kB
SReclaimable:     341776 kB
SUnreclaim:        62196 kB
KernelStack:        9952 kB
PageTables:        15352 kB
NFS_Unstable:          0 kB
Bounce:                0 kB
WritebackTmp:          0 kB
CommitLimit:     4017284 kB
Committed_AS:    5546932 kB
VmallocTotal:   258998208 kB
VmallocUsed:           0 kB
VmallocChunk:          0 kB
NvMapMemFree:     120892 kB
NvMapMemUsed:     587216 kB
CmaTotal:          65536 kB
CmaFree:           58968 kB


CPU:total 6 (initial active 4) simd, crc, aes, sha1, sha256

/proc/cpuinfo:
processor	: 0
model name	: ARMv8 Processor rev 3 (v8l)
BogoMIPS	: 62.50
Features	: fp asimd evtstrm aes pmull sha1 sha2 crc32
CPU implementer	: 0x41
CPU architecture: 8
CPU variant	: 0x1
CPU part	: 0xd07
CPU revision	: 3

processor	: 3
model name	: ARMv8 Processor rev 3 (v8l)
BogoMIPS	: 62.50
Features	: fp asimd evtstrm aes pmull sha1 sha2 crc32
CPU implementer	: 0x41
CPU architecture: 8
CPU variant	: 0x1
CPU part	: 0xd07
CPU revision	: 3

processor	: 4
model name	: ARMv8 Processor rev 3 (v8l)
BogoMIPS	: 62.50
Features	: fp asimd evtstrm aes pmull sha1 sha2 crc32
CPU implementer	: 0x41
CPU architecture: 8
CPU variant	: 0x1
CPU part	: 0xd07
CPU revision	: 3

processor	: 5
model name	: ARMv8 Processor rev 3 (v8l)
BogoMIPS	: 62.50
Features	: fp asimd evtstrm aes pmull sha1 sha2 crc32
CPU implementer	: 0x41
CPU architecture: 8
CPU variant	: 0x1
CPU part	: 0xd07
CPU revision	: 3



Memory: 4k page, physical 8034572k(1151288k free), swap 0k(0k free)

vm_info: OpenJDK 64-Bit Server VM (25.171-b11) for linux-aarch64 JRE (1.8.0_171-8u171-b11-0ubuntu0.16.04.1-b11), built on Apr 27 2018 17:28:41 by "buildd" with gcc 5.4.0 20160609

time: Mon Jul 23 17:46:07 2018
elapsed time: 0 seconds (0d 0h 0m 0s)

