#
# There is insufficient memory for the Java Runtime Environment to continue.
# Native memory allocation (mmap) failed to map 7516192768 bytes for committing reserved memory.
# Possible reasons:
#   The system is out of physical RAM or swap space
#   In 32 bit mode, the process size limit was hit
# Possible solutions:
#   Reduce memory load on the system
#   Increase physical memory or swap space
#   Check if swap backing store is full
#   Use 64 bit Java on a 64 bit OS
#   Decrease Java heap size (-Xmx/-Xms)
#   Decrease number of Java threads
#   Decrease Java thread stack sizes (-Xss)
#   Set larger code cache with -XX:ReservedCodeCacheSize=
# This output file may be truncated or incomplete.
#
#  Out of Memory Error (os_linux.cpp:2651), pid=16619, tid=0x0000007f866fb200
#
# JRE version:  (8.0_171-b11) (build )
# Java VM: OpenJDK 64-Bit Server VM (25.171-b11 mixed mode linux-aarch64 compressed oops)
# Failed to write core dump. Core dumps have been disabled. To enable core dumping, try "ulimit -c unlimited" before starting Java again
#

---------------  T H R E A D  ---------------

Current thread (0x0000007f8000a800):  JavaThread "Unknown thread" [_thread_in_vm, id=16623, stack(0x0000007f864fc000,0x0000007f866fc000)]

Stack: [0x0000007f864fc000,0x0000007f866fc000],  sp=0x0000007f866fa030,  free space=2040k
Native frames: (J=compiled Java code, j=interpreted, Vv=VM code, C=native code)
V  [libjvm.so+0x9963ac]
V  [libjvm.so+0x433284]
V  [libjvm.so+0x7ebf24]
V  [libjvm.so+0x7e6510]
V  [libjvm.so+0x85dad0]
V  [libjvm.so+0x85fb68]
V  [libjvm.so+0x23c494]
V  [libjvm.so+0x810990]
V  [libjvm.so+0x95c6b8]
V  [libjvm.so+0x95c8dc]
V  [libjvm.so+0x559900]
V  [libjvm.so+0x941720]
V  [libjvm.so+0x5e1228]  JNI_CreateJavaVM+0xb8
C  [libjli.so+0x2dcc]
C  [libjli.so+0x6df8]
C  [libpthread.so.0+0x6fc4]  start_thread+0xa4
C  [libc.so.6+0xc62e0]


---------------  P R O C E S S  ---------------

Java Threads: ( => current thread )

Other Threads:

=>0x0000007f8000a800 (exited) JavaThread "Unknown thread" [_thread_in_vm, id=16623, stack(0x0000007f864fc000,0x0000007f866fc000)]

VM state:not at safepoint (not fully initialized)

VM Mutex/Monitor currently owned by a thread: None

GC Heap History (0 events):
No events

Deoptimization events (0 events):
No events

Classes redefined (0 events):
No events

Internal exceptions (0 events):
No events

Events (0 events):
No events


Dynamic libraries:
00400000-00401000 r-xp 00000000 b3:01 1190133                            /usr/lib/jvm/java-8-openjdk-arm64/jre/bin/java
00410000-00411000 r--p 00000000 b3:01 1190133                            /usr/lib/jvm/java-8-openjdk-arm64/jre/bin/java
00411000-00412000 rw-p 00001000 b3:01 1190133                            /usr/lib/jvm/java-8-openjdk-arm64/jre/bin/java
00412000-0045d000 rw-p 00000000 00:00 0                                  [heap]
540000000-600000000 ---p 00000000 00:00 0 
7f78000000-7f78270000 rwxp 00000000 00:00 0 
7f78270000-7f80000000 ---p 00000000 00:00 0 
7f80000000-7f80046000 rw-p 00000000 00:00 0 
7f80046000-7f84000000 ---p 00000000 00:00 0 
7f84e14000-7f86214000 ---p 00000000 00:00 0 
7f86214000-7f8621f000 rw-p 00000000 00:00 0 
7f8621f000-7f86415000 ---p 00000000 00:00 0 
7f86415000-7f8641e000 r-xp 00000000 b3:01 1721393                        /lib/aarch64-linux-gnu/libnss_files-2.23.so
7f8641e000-7f8642d000 ---p 00009000 b3:01 1721393                        /lib/aarch64-linux-gnu/libnss_files-2.23.so
7f8642d000-7f8642e000 r--p 00008000 b3:01 1721393                        /lib/aarch64-linux-gnu/libnss_files-2.23.so
7f8642e000-7f8642f000 rw-p 00009000 b3:01 1721393                        /lib/aarch64-linux-gnu/libnss_files-2.23.so
7f8642f000-7f86435000 rw-p 00000000 00:00 0 
7f86435000-7f8643e000 r-xp 00000000 b3:01 1721402                        /lib/aarch64-linux-gnu/libnss_nis-2.23.so
7f8643e000-7f8644d000 ---p 00009000 b3:01 1721402                        /lib/aarch64-linux-gnu/libnss_nis-2.23.so
7f8644d000-7f8644e000 r--p 00008000 b3:01 1721402                        /lib/aarch64-linux-gnu/libnss_nis-2.23.so
7f8644e000-7f8644f000 rw-p 00009000 b3:01 1721402                        /lib/aarch64-linux-gnu/libnss_nis-2.23.so
7f8644f000-7f86461000 r-xp 00000000 b3:01 1721410                        /lib/aarch64-linux-gnu/libnsl-2.23.so
7f86461000-7f86470000 ---p 00012000 b3:01 1721410                        /lib/aarch64-linux-gnu/libnsl-2.23.so
7f86470000-7f86471000 r--p 00011000 b3:01 1721410                        /lib/aarch64-linux-gnu/libnsl-2.23.so
7f86471000-7f86472000 rw-p 00012000 b3:01 1721410                        /lib/aarch64-linux-gnu/libnsl-2.23.so
7f86472000-7f86474000 rw-p 00000000 00:00 0 
7f86474000-7f8647a000 r-xp 00000000 b3:01 1721406                        /lib/aarch64-linux-gnu/libnss_compat-2.23.so
7f8647a000-7f8648a000 ---p 00006000 b3:01 1721406                        /lib/aarch64-linux-gnu/libnss_compat-2.23.so
7f8648a000-7f8648b000 r--p 00006000 b3:01 1721406                        /lib/aarch64-linux-gnu/libnss_compat-2.23.so
7f8648b000-7f8648c000 rw-p 00007000 b3:01 1721406                        /lib/aarch64-linux-gnu/libnss_compat-2.23.so
7f8648c000-7f864b2000 r-xp 00000000 b3:01 1190084                        /usr/lib/jvm/java-8-openjdk-arm64/jre/lib/aarch64/libjava.so
7f864b2000-7f864c1000 ---p 00026000 b3:01 1190084                        /usr/lib/jvm/java-8-openjdk-arm64/jre/lib/aarch64/libjava.so
7f864c1000-7f864c2000 r--p 00025000 b3:01 1190084                        /usr/lib/jvm/java-8-openjdk-arm64/jre/lib/aarch64/libjava.so
7f864c2000-7f864c4000 rw-p 00026000 b3:01 1190084                        /usr/lib/jvm/java-8-openjdk-arm64/jre/lib/aarch64/libjava.so
7f864c4000-7f864d3000 r-xp 00000000 b3:01 1190075                        /usr/lib/jvm/java-8-openjdk-arm64/jre/lib/aarch64/libverify.so
7f864d3000-7f864e2000 ---p 0000f000 b3:01 1190075                        /usr/lib/jvm/java-8-openjdk-arm64/jre/lib/aarch64/libverify.so
7f864e2000-7f864e4000 r--p 0000e000 b3:01 1190075                        /usr/lib/jvm/java-8-openjdk-arm64/jre/lib/aarch64/libverify.so
7f864e4000-7f864e5000 rw-p 00010000 b3:01 1190075                        /usr/lib/jvm/java-8-openjdk-arm64/jre/lib/aarch64/libverify.so
7f864e5000-7f864eb000 r-xp 00000000 b3:01 1721412                        /lib/aarch64-linux-gnu/librt-2.23.so
7f864eb000-7f864fa000 ---p 00006000 b3:01 1721412                        /lib/aarch64-linux-gnu/librt-2.23.so
7f864fa000-7f864fb000 r--p 00005000 b3:01 1721412                        /lib/aarch64-linux-gnu/librt-2.23.so
7f864fb000-7f864fc000 rw-p 00006000 b3:01 1721412                        /lib/aarch64-linux-gnu/librt-2.23.so
7f864fc000-7f864ff000 ---p 00000000 00:00 0 
7f864ff000-7f866fc000 rw-p 00000000 00:00 0 
7f866fc000-7f8670d000 r-xp 00000000 b3:01 1705301                        /lib/aarch64-linux-gnu/libgcc_s.so.1
7f8670d000-7f8671c000 ---p 00011000 b3:01 1705301                        /lib/aarch64-linux-gnu/libgcc_s.so.1
7f8671c000-7f8671d000 rw-p 00010000 b3:01 1705301                        /lib/aarch64-linux-gnu/libgcc_s.so.1
7f8671d000-7f867b9000 r-xp 00000000 b3:01 1721396                        /lib/aarch64-linux-gnu/libm-2.23.so
7f867b9000-7f867c8000 ---p 0009c000 b3:01 1721396                        /lib/aarch64-linux-gnu/libm-2.23.so
7f867c8000-7f867c9000 r--p 0009b000 b3:01 1721396                        /lib/aarch64-linux-gnu/libm-2.23.so
7f867c9000-7f867ca000 rw-p 0009c000 b3:01 1721396                        /lib/aarch64-linux-gnu/libm-2.23.so
7f867ca000-7f8693a000 r-xp 00000000 b3:01 1182263                        /usr/lib/aarch64-linux-gnu/libstdc++.so.6.0.21
7f8693a000-7f86949000 ---p 00170000 b3:01 1182263                        /usr/lib/aarch64-linux-gnu/libstdc++.so.6.0.21
7f86949000-7f86953000 r--p 0016f000 b3:01 1182263                        /usr/lib/aarch64-linux-gnu/libstdc++.so.6.0.21
7f86953000-7f86955000 rw-p 00179000 b3:01 1182263                        /usr/lib/aarch64-linux-gnu/libstdc++.so.6.0.21
7f86955000-7f86959000 rw-p 00000000 00:00 0 
7f86959000-7f87383000 r-xp 00000000 b3:01 1190090                        /usr/lib/jvm/java-8-openjdk-arm64/jre/lib/aarch64/server/libjvm.so
7f87383000-7f87392000 ---p 00a2a000 b3:01 1190090                        /usr/lib/jvm/java-8-openjdk-arm64/jre/lib/aarch64/server/libjvm.so
7f87392000-7f87413000 r--p 00a29000 b3:01 1190090                        /usr/lib/jvm/java-8-openjdk-arm64/jre/lib/aarch64/server/libjvm.so
7f87413000-7f8743c000 rw-p 00aaa000 b3:01 1190090                        /usr/lib/jvm/java-8-openjdk-arm64/jre/lib/aarch64/server/libjvm.so
7f8743c000-7f8749d000 rw-p 00000000 00:00 0 
7f8749d000-7f874b4000 r-xp 00000000 b3:01 1721404                        /lib/aarch64-linux-gnu/libpthread-2.23.so
7f874b4000-7f874c3000 ---p 00017000 b3:01 1721404                        /lib/aarch64-linux-gnu/libpthread-2.23.so
7f874c3000-7f874c4000 r--p 00016000 b3:01 1721404                        /lib/aarch64-linux-gnu/libpthread-2.23.so
7f874c4000-7f874c5000 rw-p 00017000 b3:01 1721404                        /lib/aarch64-linux-gnu/libpthread-2.23.so
7f874c5000-7f874c9000 rw-p 00000000 00:00 0 
7f874c9000-7f874cb000 r-xp 00000000 b3:01 1721411                        /lib/aarch64-linux-gnu/libdl-2.23.so
7f874cb000-7f874da000 ---p 00002000 b3:01 1721411                        /lib/aarch64-linux-gnu/libdl-2.23.so
7f874da000-7f874db000 r--p 00001000 b3:01 1721411                        /lib/aarch64-linux-gnu/libdl-2.23.so
7f874db000-7f874dc000 rw-p 00002000 b3:01 1721411                        /lib/aarch64-linux-gnu/libdl-2.23.so
7f874dc000-7f874f2000 r-xp 00000000 b3:01 1705320                        /lib/aarch64-linux-gnu/libz.so.1.2.8
7f874f2000-7f87501000 ---p 00016000 b3:01 1705320                        /lib/aarch64-linux-gnu/libz.so.1.2.8
7f87501000-7f87502000 r--p 00015000 b3:01 1705320                        /lib/aarch64-linux-gnu/libz.so.1.2.8
7f87502000-7f87503000 rw-p 00016000 b3:01 1705320                        /lib/aarch64-linux-gnu/libz.so.1.2.8
7f87503000-7f87631000 r-xp 00000000 b3:01 1721409                        /lib/aarch64-linux-gnu/libc-2.23.so
7f87631000-7f87640000 ---p 0012e000 b3:01 1721409                        /lib/aarch64-linux-gnu/libc-2.23.so
7f87640000-7f87644000 r--p 0012d000 b3:01 1721409                        /lib/aarch64-linux-gnu/libc-2.23.so
7f87644000-7f87646000 rw-p 00131000 b3:01 1721409                        /lib/aarch64-linux-gnu/libc-2.23.so
7f87646000-7f8764a000 rw-p 00000000 00:00 0 
7f87650000-7f87657000 r-xp 00000000 b3:01 1190065                        /usr/lib/jvm/java-8-openjdk-arm64/jre/lib/aarch64/libzip.so
7f87657000-7f87666000 ---p 00007000 b3:01 1190065                        /usr/lib/jvm/java-8-openjdk-arm64/jre/lib/aarch64/libzip.so
7f87666000-7f87667000 r--p 00006000 b3:01 1190065                        /usr/lib/jvm/java-8-openjdk-arm64/jre/lib/aarch64/libzip.so
7f87667000-7f87668000 rw-p 00007000 b3:01 1190065                        /usr/lib/jvm/java-8-openjdk-arm64/jre/lib/aarch64/libzip.so
7f87668000-7f87675000 r-xp 00000000 b3:01 1190092                        /usr/lib/jvm/java-8-openjdk-arm64/jre/lib/aarch64/jli/libjli.so
7f87675000-7f87684000 ---p 0000d000 b3:01 1190092                        /usr/lib/jvm/java-8-openjdk-arm64/jre/lib/aarch64/jli/libjli.so
7f87684000-7f87685000 r--p 0000c000 b3:01 1190092                        /usr/lib/jvm/java-8-openjdk-arm64/jre/lib/aarch64/jli/libjli.so
7f87685000-7f87686000 rw-p 0000d000 b3:01 1190092                        /usr/lib/jvm/java-8-openjdk-arm64/jre/lib/aarch64/jli/libjli.so
7f87686000-7f876a2000 r-xp 00000000 b3:01 1721408                        /lib/aarch64-linux-gnu/ld-2.23.so
7f876a3000-7f876ab000 rw-s 00000000 b3:01 393662                         /tmp/hsperfdata_nvidia/16619
7f876ab000-7f876ac000 r--p 00000000 00:00 0 
7f876ac000-7f876b0000 rw-p 00000000 00:00 0 
7f876b0000-7f876b1000 r--p 00000000 00:00 0                              [vvar]
7f876b1000-7f876b2000 r-xp 00000000 00:00 0                              [vdso]
7f876b2000-7f876b3000 r--p 0001c000 b3:01 1721408                        /lib/aarch64-linux-gnu/ld-2.23.so
7f876b3000-7f876b5000 rw-p 0001d000 b3:01 1721408                        /lib/aarch64-linux-gnu/ld-2.23.so
7ff1939000-7ff195a000 rw-p 00000000 00:00 0                              [stack]

VM Arguments:
jvm_args: -Djava.library.path=/home/nvidia/ysnam/gpuenabler/GPUEnabler/gpu-enabler/target/lib/ -Xms8G -Xmx10G -Xmn7G 
java_command: /home/nvidia/ysnam/gpuenabler/GPUEnabler/gpu-enabler/target/surefire/surefirebooter45790455818125379.jar /home/nvidia/ysnam/gpuenabler/GPUEnabler/gpu-enabler/target/surefire/surefire6208385662588334168tmp /home/nvidia/ysnam/gpuenabler/GPUEnabler/gpu-enabler/target/surefire/surefire_02779471978176495432tmp
java_class_path (initial): /home/nvidia/ysnam/gpuenabler/GPUEnabler/gpu-enabler/target/surefire/surefirebooter45790455818125379.jar
Launcher Type: SUN_STANDARD

Environment Variables:
JAVA_HOME=/usr/lib/jvm/java-1.8.0-openjdk-arm64
PATH=/opt/apache-maven-3.5.4/bin:/usr/local/cuda-9.0/bin:/usr/local/sbin:/usr/local/bin:/usr/sbin:/usr/bin:/sbin:/bin:/snap/bin
LD_LIBRARY_PATH=/usr/local/cuda-9.0/lib64:
SHELL=/bin/bash

Signal Handlers:
SIGSEGV: [libjvm.so+0x996cc8], sa_mask[0]=11111111011111111101111111111110, sa_flags=SA_RESTART|SA_SIGINFO
SIGBUS: [libjvm.so+0x996cc8], sa_mask[0]=11111111011111111101111111111110, sa_flags=SA_RESTART|SA_SIGINFO
SIGFPE: [libjvm.so+0x7e7548], sa_mask[0]=11111111011111111101111111111110, sa_flags=SA_RESTART|SA_SIGINFO
SIGPIPE: [libjvm.so+0x7e7548], sa_mask[0]=11111111011111111101111111111110, sa_flags=SA_RESTART|SA_SIGINFO
SIGXFSZ: [libjvm.so+0x7e7548], sa_mask[0]=11111111011111111101111111111110, sa_flags=SA_RESTART|SA_SIGINFO
SIGILL: [libjvm.so+0x7e7548], sa_mask[0]=11111111011111111101111111111110, sa_flags=SA_RESTART|SA_SIGINFO
SIGUSR1: SIG_DFL, sa_mask[0]=00000000000000000000000000000000, sa_flags=none
SIGUSR2: [libjvm.so+0x7e7408], sa_mask[0]=00100000000000000000000000000000, sa_flags=SA_RESTART|SA_SIGINFO
SIGHUP: SIG_DFL, sa_mask[0]=00000000000000000000000000000000, sa_flags=none
SIGINT: SIG_DFL, sa_mask[0]=00000000000000000000000000000000, sa_flags=none
SIGTERM: SIG_DFL, sa_mask[0]=00000000000000000000000000000000, sa_flags=none
SIGQUIT: SIG_DFL, sa_mask[0]=00000000000000000000000000000000, sa_flags=none


---------------  S Y S T E M  ---------------

OS:DISTRIB_ID=Ubuntu
DISTRIB_RELEASE=16.04
DISTRIB_CODENAME=xenial
DISTRIB_DESCRIPTION="Ubuntu 16.04 LTS"

uname:Linux 4.4.38-tegra #1 SMP PREEMPT Thu May 17 00:15:19 PDT 2018 aarch64
libc:glibc 2.23 NPTL 2.23 
rlimit: STACK 8192k, CORE 0k, NPROC 31124, NOFILE 1048576, AS infinity
load average:3.92 2.47 1.91

/proc/meminfo:
MemTotal:        8034572 kB
MemFree:         1357652 kB
MemAvailable:    4873820 kB
Buffers:          219056 kB
Cached:          3063072 kB
SwapCached:            0 kB
Active:          3705152 kB
Inactive:        1585300 kB
Active(anon):    2010432 kB
Inactive(anon):    31036 kB
Active(file):    1694720 kB
Inactive(file):  1554264 kB
Unevictable:          32 kB
Mlocked:              32 kB
SwapTotal:             0 kB
SwapFree:              0 kB
Dirty:               220 kB
Writeback:             0 kB
AnonPages:       2008588 kB
Mapped:           182320 kB
Shmem:             32936 kB
Slab:             371976 kB
SReclaimable:     309664 kB
SUnreclaim:        62312 kB
KernelStack:       10032 kB
PageTables:        16860 kB
NFS_Unstable:          0 kB
Bounce:                0 kB
WritebackTmp:          0 kB
CommitLimit:     4017284 kB
Committed_AS:    5900288 kB
VmallocTotal:   258998208 kB
VmallocUsed:           0 kB
VmallocChunk:          0 kB
NvMapMemFree:     243772 kB
NvMapMemUsed:     585040 kB
CmaTotal:          65536 kB
CmaFree:            5388 kB


CPU:total 6 (initial active 4) simd, crc, aes, sha1, sha256

/proc/cpuinfo:
processor	: 0
model name	: ARMv8 Processor rev 3 (v8l)
BogoMIPS	: 62.50
Features	: fp asimd evtstrm aes pmull sha1 sha2 crc32
CPU implementer	: 0x41
CPU architecture: 8
CPU variant	: 0x1
CPU part	: 0xd07
CPU revision	: 3

processor	: 3
model name	: ARMv8 Processor rev 3 (v8l)
BogoMIPS	: 62.50
Features	: fp asimd evtstrm aes pmull sha1 sha2 crc32
CPU implementer	: 0x41
CPU architecture: 8
CPU variant	: 0x1
CPU part	: 0xd07
CPU revision	: 3

processor	: 4
model name	: ARMv8 Processor rev 3 (v8l)
BogoMIPS	: 62.50
Features	: fp asimd evtstrm aes pmull sha1 sha2 crc32
CPU implementer	: 0x41
CPU architecture: 8
CPU variant	: 0x1
CPU part	: 0xd07
CPU revision	: 3

processor	: 5
model name	: ARMv8 Processor rev 3 (v8l)
BogoMIPS	: 62.50
Features	: fp asimd evtstrm aes pmull sha1 sha2 crc32
CPU implementer	: 0x41
CPU architecture: 8
CPU variant	: 0x1
CPU part	: 0xd07
CPU revision	: 3



Memory: 4k page, physical 8034572k(1357652k free), swap 0k(0k free)

vm_info: OpenJDK 64-Bit Server VM (25.171-b11) for linux-aarch64 JRE (1.8.0_171-8u171-b11-0ubuntu0.16.04.1-b11), built on Apr 27 2018 17:28:41 by "buildd" with gcc 5.4.0 20160609

time: Tue Jul 24 14:30:52 2018
elapsed time: 0 seconds (0d 0h 0m 0s)

