#
# There is insufficient memory for the Java Runtime Environment to continue.
# Native memory allocation (mmap) failed to map 7516192768 bytes for committing reserved memory.
# Possible reasons:
#   The system is out of physical RAM or swap space
#   In 32 bit mode, the process size limit was hit
# Possible solutions:
#   Reduce memory load on the system
#   Increase physical memory or swap space
#   Check if swap backing store is full
#   Use 64 bit Java on a 64 bit OS
#   Decrease Java heap size (-Xmx/-Xms)
#   Decrease number of Java threads
#   Decrease Java thread stack sizes (-Xss)
#   Set larger code cache with -XX:ReservedCodeCacheSize=
# This output file may be truncated or incomplete.
#
#  Out of Memory Error (os_linux.cpp:2651), pid=3818, tid=0x0000007f9e390200
#
# JRE version:  (8.0_171-b11) (build )
# Java VM: OpenJDK 64-Bit Server VM (25.171-b11 mixed mode linux-aarch64 compressed oops)
# Failed to write core dump. Core dumps have been disabled. To enable core dumping, try "ulimit -c unlimited" before starting Java again
#

---------------  T H R E A D  ---------------

Current thread (0x0000007f9800a800):  JavaThread "Unknown thread" [_thread_in_vm, id=3822, stack(0x0000007f9e191000,0x0000007f9e391000)]

Stack: [0x0000007f9e191000,0x0000007f9e391000],  sp=0x0000007f9e38f030,  free space=2040k
Native frames: (J=compiled Java code, j=interpreted, Vv=VM code, C=native code)
V  [libjvm.so+0x9963ac]
V  [libjvm.so+0x433284]
V  [libjvm.so+0x7ebf24]
V  [libjvm.so+0x7e6510]
V  [libjvm.so+0x85dad0]
V  [libjvm.so+0x85fb68]
V  [libjvm.so+0x23c494]
V  [libjvm.so+0x810990]
V  [libjvm.so+0x95c6b8]
V  [libjvm.so+0x95c8dc]
V  [libjvm.so+0x559900]
V  [libjvm.so+0x941720]
V  [libjvm.so+0x5e1228]  JNI_CreateJavaVM+0xb8
C  [libjli.so+0x2dcc]
C  [libjli.so+0x6df8]
C  [libpthread.so.0+0x6fc4]  start_thread+0xa4
C  [libc.so.6+0xc6290]


---------------  P R O C E S S  ---------------

Java Threads: ( => current thread )

Other Threads:

=>0x0000007f9800a800 (exited) JavaThread "Unknown thread" [_thread_in_vm, id=3822, stack(0x0000007f9e191000,0x0000007f9e391000)]

VM state:not at safepoint (not fully initialized)

VM Mutex/Monitor currently owned by a thread: None

GC Heap History (0 events):
No events

Deoptimization events (0 events):
No events

Classes redefined (0 events):
No events

Internal exceptions (0 events):
No events

Events (0 events):
No events


Dynamic libraries:
00400000-00401000 r-xp 00000000 b3:01 1190133                            /usr/lib/jvm/java-8-openjdk-arm64/jre/bin/java
00410000-00411000 r--p 00000000 b3:01 1190133                            /usr/lib/jvm/java-8-openjdk-arm64/jre/bin/java
00411000-00412000 rw-p 00001000 b3:01 1190133                            /usr/lib/jvm/java-8-openjdk-arm64/jre/bin/java
00412000-0045d000 rw-p 00000000 00:00 0                                  [heap]
540000000-600000000 ---p 00000000 00:00 0 
7f90000000-7f90270000 rwxp 00000000 00:00 0 
7f90270000-7f98000000 ---p 00000000 00:00 0 
7f98000000-7f98046000 rw-p 00000000 00:00 0 
7f98046000-7f9c000000 ---p 00000000 00:00 0 
7f9ca91000-7f9de91000 ---p 00000000 00:00 0 
7f9de91000-7f9de9c000 rw-p 00000000 00:00 0 
7f9de9c000-7f9e092000 ---p 00000000 00:00 0 
7f9e092000-7f9e099000 r-xp 00000000 b3:01 1190065                        /usr/lib/jvm/java-8-openjdk-arm64/jre/lib/aarch64/libzip.so
7f9e099000-7f9e0a8000 ---p 00007000 b3:01 1190065                        /usr/lib/jvm/java-8-openjdk-arm64/jre/lib/aarch64/libzip.so
7f9e0a8000-7f9e0a9000 r--p 00006000 b3:01 1190065                        /usr/lib/jvm/java-8-openjdk-arm64/jre/lib/aarch64/libzip.so
7f9e0a9000-7f9e0aa000 rw-p 00007000 b3:01 1190065                        /usr/lib/jvm/java-8-openjdk-arm64/jre/lib/aarch64/libzip.so
7f9e0aa000-7f9e0b3000 r-xp 00000000 b3:01 1705268                        /lib/aarch64-linux-gnu/libnss_files-2.23.so
7f9e0b3000-7f9e0c2000 ---p 00009000 b3:01 1705268                        /lib/aarch64-linux-gnu/libnss_files-2.23.so
7f9e0c2000-7f9e0c3000 r--p 00008000 b3:01 1705268                        /lib/aarch64-linux-gnu/libnss_files-2.23.so
7f9e0c3000-7f9e0c4000 rw-p 00009000 b3:01 1705268                        /lib/aarch64-linux-gnu/libnss_files-2.23.so
7f9e0c4000-7f9e0ca000 rw-p 00000000 00:00 0 
7f9e0ca000-7f9e0d3000 r-xp 00000000 b3:01 1705270                        /lib/aarch64-linux-gnu/libnss_nis-2.23.so
7f9e0d3000-7f9e0e2000 ---p 00009000 b3:01 1705270                        /lib/aarch64-linux-gnu/libnss_nis-2.23.so
7f9e0e2000-7f9e0e3000 r--p 00008000 b3:01 1705270                        /lib/aarch64-linux-gnu/libnss_nis-2.23.so
7f9e0e3000-7f9e0e4000 rw-p 00009000 b3:01 1705270                        /lib/aarch64-linux-gnu/libnss_nis-2.23.so
7f9e0e4000-7f9e0f6000 r-xp 00000000 b3:01 1705072                        /lib/aarch64-linux-gnu/libnsl-2.23.so
7f9e0f6000-7f9e105000 ---p 00012000 b3:01 1705072                        /lib/aarch64-linux-gnu/libnsl-2.23.so
7f9e105000-7f9e106000 r--p 00011000 b3:01 1705072                        /lib/aarch64-linux-gnu/libnsl-2.23.so
7f9e106000-7f9e107000 rw-p 00012000 b3:01 1705072                        /lib/aarch64-linux-gnu/libnsl-2.23.so
7f9e107000-7f9e109000 rw-p 00000000 00:00 0 
7f9e109000-7f9e10f000 r-xp 00000000 b3:01 1705252                        /lib/aarch64-linux-gnu/libnss_compat-2.23.so
7f9e10f000-7f9e11f000 ---p 00006000 b3:01 1705252                        /lib/aarch64-linux-gnu/libnss_compat-2.23.so
7f9e11f000-7f9e120000 r--p 00006000 b3:01 1705252                        /lib/aarch64-linux-gnu/libnss_compat-2.23.so
7f9e120000-7f9e121000 rw-p 00007000 b3:01 1705252                        /lib/aarch64-linux-gnu/libnss_compat-2.23.so
7f9e121000-7f9e147000 r-xp 00000000 b3:01 1190084                        /usr/lib/jvm/java-8-openjdk-arm64/jre/lib/aarch64/libjava.so
7f9e147000-7f9e156000 ---p 00026000 b3:01 1190084                        /usr/lib/jvm/java-8-openjdk-arm64/jre/lib/aarch64/libjava.so
7f9e156000-7f9e157000 r--p 00025000 b3:01 1190084                        /usr/lib/jvm/java-8-openjdk-arm64/jre/lib/aarch64/libjava.so
7f9e157000-7f9e159000 rw-p 00026000 b3:01 1190084                        /usr/lib/jvm/java-8-openjdk-arm64/jre/lib/aarch64/libjava.so
7f9e159000-7f9e168000 r-xp 00000000 b3:01 1190075                        /usr/lib/jvm/java-8-openjdk-arm64/jre/lib/aarch64/libverify.so
7f9e168000-7f9e177000 ---p 0000f000 b3:01 1190075                        /usr/lib/jvm/java-8-openjdk-arm64/jre/lib/aarch64/libverify.so
7f9e177000-7f9e179000 r--p 0000e000 b3:01 1190075                        /usr/lib/jvm/java-8-openjdk-arm64/jre/lib/aarch64/libverify.so
7f9e179000-7f9e17a000 rw-p 00010000 b3:01 1190075                        /usr/lib/jvm/java-8-openjdk-arm64/jre/lib/aarch64/libverify.so
7f9e17a000-7f9e180000 r-xp 00000000 b3:01 1705088                        /lib/aarch64-linux-gnu/librt-2.23.so
7f9e180000-7f9e18f000 ---p 00006000 b3:01 1705088                        /lib/aarch64-linux-gnu/librt-2.23.so
7f9e18f000-7f9e190000 r--p 00005000 b3:01 1705088                        /lib/aarch64-linux-gnu/librt-2.23.so
7f9e190000-7f9e191000 rw-p 00006000 b3:01 1705088                        /lib/aarch64-linux-gnu/librt-2.23.so
7f9e191000-7f9e194000 ---p 00000000 00:00 0 
7f9e194000-7f9e391000 rw-p 00000000 00:00 0 
7f9e391000-7f9e3a2000 r-xp 00000000 b3:01 1705301                        /lib/aarch64-linux-gnu/libgcc_s.so.1
7f9e3a2000-7f9e3b1000 ---p 00011000 b3:01 1705301                        /lib/aarch64-linux-gnu/libgcc_s.so.1
7f9e3b1000-7f9e3b2000 rw-p 00010000 b3:01 1705301                        /lib/aarch64-linux-gnu/libgcc_s.so.1
7f9e3b2000-7f9e44e000 r-xp 00000000 b3:01 1705095                        /lib/aarch64-linux-gnu/libm-2.23.so
7f9e44e000-7f9e45d000 ---p 0009c000 b3:01 1705095                        /lib/aarch64-linux-gnu/libm-2.23.so
7f9e45d000-7f9e45e000 r--p 0009b000 b3:01 1705095                        /lib/aarch64-linux-gnu/libm-2.23.so
7f9e45e000-7f9e45f000 rw-p 0009c000 b3:01 1705095                        /lib/aarch64-linux-gnu/libm-2.23.so
7f9e45f000-7f9e5cf000 r-xp 00000000 b3:01 1182263                        /usr/lib/aarch64-linux-gnu/libstdc++.so.6.0.21
7f9e5cf000-7f9e5de000 ---p 00170000 b3:01 1182263                        /usr/lib/aarch64-linux-gnu/libstdc++.so.6.0.21
7f9e5de000-7f9e5e8000 r--p 0016f000 b3:01 1182263                        /usr/lib/aarch64-linux-gnu/libstdc++.so.6.0.21
7f9e5e8000-7f9e5ea000 rw-p 00179000 b3:01 1182263                        /usr/lib/aarch64-linux-gnu/libstdc++.so.6.0.21
7f9e5ea000-7f9e5ee000 rw-p 00000000 00:00 0 
7f9e5ee000-7f9f018000 r-xp 00000000 b3:01 1190090                        /usr/lib/jvm/java-8-openjdk-arm64/jre/lib/aarch64/server/libjvm.so
7f9f018000-7f9f027000 ---p 00a2a000 b3:01 1190090                        /usr/lib/jvm/java-8-openjdk-arm64/jre/lib/aarch64/server/libjvm.so
7f9f027000-7f9f0a8000 r--p 00a29000 b3:01 1190090                        /usr/lib/jvm/java-8-openjdk-arm64/jre/lib/aarch64/server/libjvm.so
7f9f0a8000-7f9f0d1000 rw-p 00aaa000 b3:01 1190090                        /usr/lib/jvm/java-8-openjdk-arm64/jre/lib/aarch64/server/libjvm.so
7f9f0d1000-7f9f132000 rw-p 00000000 00:00 0 
7f9f132000-7f9f149000 r-xp 00000000 b3:01 1705239                        /lib/aarch64-linux-gnu/libpthread-2.23.so
7f9f149000-7f9f158000 ---p 00017000 b3:01 1705239                        /lib/aarch64-linux-gnu/libpthread-2.23.so
7f9f158000-7f9f159000 r--p 00016000 b3:01 1705239                        /lib/aarch64-linux-gnu/libpthread-2.23.so
7f9f159000-7f9f15a000 rw-p 00017000 b3:01 1705239                        /lib/aarch64-linux-gnu/libpthread-2.23.so
7f9f15a000-7f9f15e000 rw-p 00000000 00:00 0 
7f9f15e000-7f9f160000 r-xp 00000000 b3:01 1705298                        /lib/aarch64-linux-gnu/libdl-2.23.so
7f9f160000-7f9f16f000 ---p 00002000 b3:01 1705298                        /lib/aarch64-linux-gnu/libdl-2.23.so
7f9f16f000-7f9f170000 r--p 00001000 b3:01 1705298                        /lib/aarch64-linux-gnu/libdl-2.23.so
7f9f170000-7f9f171000 rw-p 00002000 b3:01 1705298                        /lib/aarch64-linux-gnu/libdl-2.23.so
7f9f171000-7f9f187000 r-xp 00000000 b3:01 1705320                        /lib/aarch64-linux-gnu/libz.so.1.2.8
7f9f187000-7f9f196000 ---p 00016000 b3:01 1705320                        /lib/aarch64-linux-gnu/libz.so.1.2.8
7f9f196000-7f9f197000 r--p 00015000 b3:01 1705320                        /lib/aarch64-linux-gnu/libz.so.1.2.8
7f9f197000-7f9f198000 rw-p 00016000 b3:01 1705320                        /lib/aarch64-linux-gnu/libz.so.1.2.8
7f9f198000-7f9f2c6000 r-xp 00000000 b3:01 1705305                        /lib/aarch64-linux-gnu/libc-2.23.so
7f9f2c6000-7f9f2d5000 ---p 0012e000 b3:01 1705305                        /lib/aarch64-linux-gnu/libc-2.23.so
7f9f2d5000-7f9f2d9000 r--p 0012d000 b3:01 1705305                        /lib/aarch64-linux-gnu/libc-2.23.so
7f9f2d9000-7f9f2db000 rw-p 00131000 b3:01 1705305                        /lib/aarch64-linux-gnu/libc-2.23.so
7f9f2db000-7f9f2df000 rw-p 00000000 00:00 0 
7f9f2f6000-7f9f2fe000 rw-s 00000000 b3:01 402298                         /tmp/hsperfdata_nvidia/3818
7f9f2fe000-7f9f30b000 r-xp 00000000 b3:01 1190092                        /usr/lib/jvm/java-8-openjdk-arm64/jre/lib/aarch64/jli/libjli.so
7f9f30b000-7f9f31a000 ---p 0000d000 b3:01 1190092                        /usr/lib/jvm/java-8-openjdk-arm64/jre/lib/aarch64/jli/libjli.so
7f9f31a000-7f9f31b000 r--p 0000c000 b3:01 1190092                        /usr/lib/jvm/java-8-openjdk-arm64/jre/lib/aarch64/jli/libjli.so
7f9f31b000-7f9f31c000 rw-p 0000d000 b3:01 1190092                        /usr/lib/jvm/java-8-openjdk-arm64/jre/lib/aarch64/jli/libjli.so
7f9f31c000-7f9f338000 r-xp 00000000 b3:01 1705265                        /lib/aarch64-linux-gnu/ld-2.23.so
7f9f33f000-7f9f340000 r--p 00000000 00:00 0 
7f9f340000-7f9f346000 rw-p 00000000 00:00 0 
7f9f346000-7f9f347000 r--p 00000000 00:00 0                              [vvar]
7f9f347000-7f9f348000 r-xp 00000000 00:00 0                              [vdso]
7f9f348000-7f9f349000 r--p 0001c000 b3:01 1705265                        /lib/aarch64-linux-gnu/ld-2.23.so
7f9f349000-7f9f34b000 rw-p 0001d000 b3:01 1705265                        /lib/aarch64-linux-gnu/ld-2.23.so
7fdefa3000-7fdefc4000 rw-p 00000000 00:00 0                              [stack]

VM Arguments:
jvm_args: -Djava.library.path=/home/nvidia/ysnam/gpuenabler/GPUEnabler/gpu-enabler/target/lib/ -Xms8G -Xmx10G -Xmn7G 
java_command: /home/nvidia/ysnam/gpuenabler/GPUEnabler/gpu-enabler/target/surefire/surefirebooter2304777643841813587.jar /home/nvidia/ysnam/gpuenabler/GPUEnabler/gpu-enabler/target/surefire/surefire2251655354297986868tmp /home/nvidia/ysnam/gpuenabler/GPUEnabler/gpu-enabler/target/surefire/surefire_06194437826573789298tmp
java_class_path (initial): /home/nvidia/ysnam/gpuenabler/GPUEnabler/gpu-enabler/target/surefire/surefirebooter2304777643841813587.jar
Launcher Type: SUN_STANDARD

Environment Variables:
JAVA_HOME=/usr/lib/jvm/java-1.8.0-openjdk-arm64
PATH=/opt/apache-maven-3.5.4/bin:/usr/local/cuda-9.0/bin:/usr/local/sbin:/usr/local/bin:/usr/sbin:/usr/bin:/sbin:/bin:/snap/bin
LD_LIBRARY_PATH=/usr/local/cuda-9.0/lib64:
SHELL=/bin/bash

Signal Handlers:
SIGSEGV: [libjvm.so+0x996cc8], sa_mask[0]=11111111011111111101111111111110, sa_flags=SA_RESTART|SA_SIGINFO
SIGBUS: [libjvm.so+0x996cc8], sa_mask[0]=11111111011111111101111111111110, sa_flags=SA_RESTART|SA_SIGINFO
SIGFPE: [libjvm.so+0x7e7548], sa_mask[0]=11111111011111111101111111111110, sa_flags=SA_RESTART|SA_SIGINFO
SIGPIPE: [libjvm.so+0x7e7548], sa_mask[0]=11111111011111111101111111111110, sa_flags=SA_RESTART|SA_SIGINFO
SIGXFSZ: [libjvm.so+0x7e7548], sa_mask[0]=11111111011111111101111111111110, sa_flags=SA_RESTART|SA_SIGINFO
SIGILL: [libjvm.so+0x7e7548], sa_mask[0]=11111111011111111101111111111110, sa_flags=SA_RESTART|SA_SIGINFO
SIGUSR1: SIG_DFL, sa_mask[0]=00000000000000000000000000000000, sa_flags=none
SIGUSR2: [libjvm.so+0x7e7408], sa_mask[0]=00100000000000000000000000000000, sa_flags=SA_RESTART|SA_SIGINFO
SIGHUP: SIG_DFL, sa_mask[0]=00000000000000000000000000000000, sa_flags=none
SIGINT: SIG_DFL, sa_mask[0]=00000000000000000000000000000000, sa_flags=none
SIGTERM: SIG_DFL, sa_mask[0]=00000000000000000000000000000000, sa_flags=none
SIGQUIT: SIG_DFL, sa_mask[0]=00000000000000000000000000000000, sa_flags=none


---------------  S Y S T E M  ---------------

OS:DISTRIB_ID=Ubuntu
DISTRIB_RELEASE=16.04
DISTRIB_CODENAME=xenial
DISTRIB_DESCRIPTION="Ubuntu 16.04 LTS"

uname:Linux 4.4.38-tegra #1 SMP PREEMPT Thu May 17 00:15:19 PDT 2018 aarch64
libc:glibc 2.23 NPTL 2.23 
rlimit: STACK 8192k, CORE 0k, NPROC 31124, NOFILE 1048576, AS infinity
load average:3.04 2.56 2.34

/proc/meminfo:
MemTotal:        8034572 kB
MemFree:         1173436 kB
MemAvailable:    5643552 kB
Buffers:          160836 kB
Cached:          4034716 kB
SwapCached:            0 kB
Active:          3515508 kB
Inactive:        2047396 kB
Active(anon):    1369204 kB
Inactive(anon):    22852 kB
Active(file):    2146304 kB
Inactive(file):  2024544 kB
Unevictable:          32 kB
Mlocked:              32 kB
SwapTotal:             0 kB
SwapFree:              0 kB
Dirty:               312 kB
Writeback:             0 kB
AnonPages:       1367472 kB
Mapped:           373588 kB
Shmem:             24704 kB
Slab:             404016 kB
SReclaimable:     341748 kB
SUnreclaim:        62268 kB
KernelStack:       10000 kB
PageTables:        15420 kB
NFS_Unstable:          0 kB
Bounce:                0 kB
WritebackTmp:          0 kB
CommitLimit:     4017284 kB
Committed_AS:    5549272 kB
VmallocTotal:   258998208 kB
VmallocUsed:           0 kB
VmallocChunk:          0 kB
NvMapMemFree:     120892 kB
NvMapMemUsed:     587216 kB
CmaTotal:          65536 kB
CmaFree:           58968 kB


CPU:total 6 (initial active 4) simd, crc, aes, sha1, sha256

/proc/cpuinfo:
processor	: 0
model name	: ARMv8 Processor rev 3 (v8l)
BogoMIPS	: 62.50
Features	: fp asimd evtstrm aes pmull sha1 sha2 crc32
CPU implementer	: 0x41
CPU architecture: 8
CPU variant	: 0x1
CPU part	: 0xd07
CPU revision	: 3

processor	: 3
model name	: ARMv8 Processor rev 3 (v8l)
BogoMIPS	: 62.50
Features	: fp asimd evtstrm aes pmull sha1 sha2 crc32
CPU implementer	: 0x41
CPU architecture: 8
CPU variant	: 0x1
CPU part	: 0xd07
CPU revision	: 3

processor	: 4
model name	: ARMv8 Processor rev 3 (v8l)
BogoMIPS	: 62.50
Features	: fp asimd evtstrm aes pmull sha1 sha2 crc32
CPU implementer	: 0x41
CPU architecture: 8
CPU variant	: 0x1
CPU part	: 0xd07
CPU revision	: 3

processor	: 5
model name	: ARMv8 Processor rev 3 (v8l)
BogoMIPS	: 62.50
Features	: fp asimd evtstrm aes pmull sha1 sha2 crc32
CPU implementer	: 0x41
CPU architecture: 8
CPU variant	: 0x1
CPU part	: 0xd07
CPU revision	: 3



Memory: 4k page, physical 8034572k(1173436k free), swap 0k(0k free)

vm_info: OpenJDK 64-Bit Server VM (25.171-b11) for linux-aarch64 JRE (1.8.0_171-8u171-b11-0ubuntu0.16.04.1-b11), built on Apr 27 2018 17:28:41 by "buildd" with gcc 5.4.0 20160609

time: Mon Jul 23 17:51:05 2018
elapsed time: 0 seconds (0d 0h 0m 0s)

