Determining if the pthread_create exist failed with the following output:
Change Dir: /home/nvidia/project/edge-sched/jcuda/CMakeFiles/CMakeTmp

Run Build Command:"/usr/bin/make" "cmTC_230f0/fast"
/usr/bin/make -f CMakeFiles/cmTC_230f0.dir/build.make CMakeFiles/cmTC_230f0.dir/build
make[1]: Entering directory '/home/nvidia/project/edge-sched/jcuda/CMakeFiles/CMakeTmp'
Building C object CMakeFiles/cmTC_230f0.dir/CheckSymbolExists.c.o
/usr/bin/cc    -fPIC    -o CMakeFiles/cmTC_230f0.dir/CheckSymbolExists.c.o   -c /home/nvidia/project/edge-sched/jcuda/CMakeFiles/CMakeTmp/CheckSymbolExists.c
Linking C executable cmTC_230f0
/usr/bin/cmake -E cmake_link_script CMakeFiles/cmTC_230f0.dir/link.txt --verbose=1
/usr/bin/cc  -fPIC     CMakeFiles/cmTC_230f0.dir/CheckSymbolExists.c.o  -o cmTC_230f0 -rdynamic 
CMakeFiles/cmTC_230f0.dir/CheckSymbolExists.c.o: In function `main':
CheckSymbolExists.c:(.text+0x14): undefined reference to `pthread_create'
CheckSymbolExists.c:(.text+0x18): undefined reference to `pthread_create'
collect2: error: ld returned 1 exit status
CMakeFiles/cmTC_230f0.dir/build.make:97: recipe for target 'cmTC_230f0' failed
make[1]: *** [cmTC_230f0] Error 1
make[1]: Leaving directory '/home/nvidia/project/edge-sched/jcuda/CMakeFiles/CMakeTmp'
Makefile:126: recipe for target 'cmTC_230f0/fast' failed
make: *** [cmTC_230f0/fast] Error 2

File /home/nvidia/project/edge-sched/jcuda/CMakeFiles/CMakeTmp/CheckSymbolExists.c:
/* */
#include <pthread.h>

int main(int argc, char** argv)
{
  (void)argv;
#ifndef pthread_create
  return ((int*)(&pthread_create))[argc];
#else
  (void)argc;
  return 0;
#endif
}

Determining if the function pthread_create exists in the pthreads failed with the following output:
Change Dir: /home/nvidia/project/edge-sched/jcuda/CMakeFiles/CMakeTmp

Run Build Command:"/usr/bin/make" "cmTC_cd822/fast"
/usr/bin/make -f CMakeFiles/cmTC_cd822.dir/build.make CMakeFiles/cmTC_cd822.dir/build
make[1]: Entering directory '/home/nvidia/project/edge-sched/jcuda/CMakeFiles/CMakeTmp'
Building C object CMakeFiles/cmTC_cd822.dir/CheckFunctionExists.c.o
/usr/bin/cc    -fPIC -DCHECK_FUNCTION_EXISTS=pthread_create   -o CMakeFiles/cmTC_cd822.dir/CheckFunctionExists.c.o   -c /usr/share/cmake-3.5/Modules/CheckFunctionExists.c
Linking C executable cmTC_cd822
/usr/bin/cmake -E cmake_link_script CMakeFiles/cmTC_cd822.dir/link.txt --verbose=1
/usr/bin/cc  -fPIC -DCHECK_FUNCTION_EXISTS=pthread_create    CMakeFiles/cmTC_cd822.dir/CheckFunctionExists.c.o  -o cmTC_cd822 -rdynamic -lpthreads 
/usr/bin/ld: cannot find -lpthreads
collect2: error: ld returned 1 exit status
CMakeFiles/cmTC_cd822.dir/build.make:97: recipe for target 'cmTC_cd822' failed
make[1]: *** [cmTC_cd822] Error 1
make[1]: Leaving directory '/home/nvidia/project/edge-sched/jcuda/CMakeFiles/CMakeTmp'
Makefile:126: recipe for target 'cmTC_cd822/fast' failed
make: *** [cmTC_cd822/fast] Error 2


