Spark Command: /usr/lib/jvm/java-8-openjdk-amd64/jre/bin/java -cp /home/dcslab/SparkGPU/SparkGPU/conf/:/home/dcslab/SparkGPU/SparkGPU/assembly/target/scala-2.11/jars/* -Xmx1g org.apache.spark.deploy.master.Master --host bc5 --port 7077 --webui-port 8080
========================================
Using Spark's default log4j profile: org/apache/spark/log4j-defaults.properties
18/07/13 03:07:07 INFO Master: Started daemon with process name: 1755@bc5
18/07/13 03:07:07 INFO SignalUtils: Registered signal handler for TERM
18/07/13 03:07:07 INFO SignalUtils: Registered signal handler for HUP
18/07/13 03:07:07 INFO SignalUtils: Registered signal handler for INT
18/07/13 03:07:08 WARN NativeCodeLoader: Unable to load native-hadoop library for your platform... using builtin-java classes where applicable
18/07/13 03:07:08 INFO SecurityManager: Changing view acls to: dcslab
18/07/13 03:07:08 INFO SecurityManager: Changing modify acls to: dcslab
18/07/13 03:07:08 INFO SecurityManager: Changing view acls groups to: 
18/07/13 03:07:08 INFO SecurityManager: Changing modify acls groups to: 
18/07/13 03:07:08 INFO SecurityManager: SecurityManager: authentication disabled; ui acls disabled; users  with view permissions: Set(dcslab); groups with view permissions: Set(); users  with modify permissions: Set(dcslab); groups with modify permissions: Set()
18/07/13 03:07:08 INFO Utils: Successfully started service 'sparkMaster' on port 7077.
18/07/13 03:07:08 INFO Master: Starting Spark master at spark://bc5:7077
18/07/13 03:07:08 INFO Master: Running Spark version 2.2.0-SNAPSHOT
18/07/13 03:07:08 WARN Utils: Service 'MasterUI' could not bind on port 8080. Attempting port 8081.
18/07/13 03:07:08 INFO Utils: Successfully started service 'MasterUI' on port 8081.
18/07/13 03:07:08 INFO MasterWebUI: Bound MasterWebUI to 0.0.0.0, and started at http://147.46.240.226:8081
18/07/13 03:07:08 INFO Utils: Successfully started service on port 6066.
18/07/13 03:07:08 INFO StandaloneRestServer: Started REST server for submitting applications on port 6066
18/07/13 03:07:08 INFO Master: I have been elected leader! New state: ALIVE
18/07/15 09:45:43 WARN HttpParser: Illegal character 0x16 in state=START for buffer HeapByteBuffer@481291ff[p=1,l=517,c=16384,r=516]={\x16<<<\x03\x01\x02\x00\x01\x00\x01\xFc\x03\x03H\x91\x8e<\n \xEb...\x00\x00\x00\x00\x00\x00\x00\x00\x00\x00\x00\x00\x00\x00\x00>>>\x00\x00\x00\x00\x00\x00\x00\x00\x00\x00\x00\x00\x00\x00\x00\x00\x00...\x00\x00\x00\x00\x00\x00\x00\x00\x00\x00\x00\x00\x00\x00\x00}
18/07/15 09:45:43 WARN HttpParser: badMessage: 400 Illegal character 0x16 for HttpChannelOverHttp@6072181{r=0,c=false,a=IDLE,uri=}
18/07/17 04:48:58 WARN HttpParser: Illegal character 0x3 in state=START for buffer HeapByteBuffer@481291ff[p=1,l=47,c=16384,r=46]={\x03<<<\x00\x00/*\xE0\x00\x00\x00\x00\x00Cookie:...nistr\r\n\x01\x00\x08\x00\x03\x00\x00\x00>>>-Agent: Mozilla/5...\x00\x00\x00\x00\x00\x00\x00\x00\x00\x00\x00\x00\x00\x00\x00}
18/07/17 04:48:58 WARN HttpParser: badMessage: 400 Illegal character 0x3 for HttpChannelOverHttp@1f1177d7{r=0,c=false,a=IDLE,uri=}
18/07/17 14:02:28 WARN HttpParser: Illegal character 0x5 in state=START for buffer HeapByteBuffer@5402b1b3[p=1,l=3,c=16384,r=2]={\x05<<<\x01\x00>>> / HTTP/1.0\r\nUser...\x00\x00\x00\x00\x00\x00\x00\x00\x00\x00\x00\x00\x00\x00\x00}
18/07/17 14:02:28 WARN HttpParser: badMessage: 400 Illegal character 0x5 for HttpChannelOverHttp@503d3feb{r=0,c=false,a=IDLE,uri=}
18/07/17 14:04:04 WARN HttpParser: Illegal character 0x4 in state=START for buffer HeapByteBuffer@481291ff[p=1,l=9,c=16384,r=8]={\x04<<<\x01\x00P.\xA1\t\x1f\x00>>>P/1.1\r\nHost: 147....\x00\x00\x00\x00\x00\x00\x00\x00\x00\x00\x00\x00\x00\x00\x00}
18/07/17 14:04:04 WARN HttpParser: badMessage: 400 Illegal character 0x4 for HttpChannelOverHttp@3723afe7{r=0,c=false,a=IDLE,uri=}
18/07/19 03:32:21 WARN HttpParser: Illegal character 0x16 in state=START for buffer HeapByteBuffer@5402b1b3[p=1,l=227,c=16384,r=226]={\x16<<<\x03\x01\x00\xDe\x01\x00\x00\xDa\x03\x03\xCf\xA2\xF1\x99\xFe\xE8\xDc...\x03\x02\x03\x03\x02\x01\x02\x02\x02\x03\x00\x0f\x00\x01\x01>>>1.9.31\r\nConnectio...\x00\x00\x00\x00\x00\x00\x00\x00\x00\x00\x00\x00\x00\x00\x00}
18/07/19 03:32:21 WARN HttpParser: badMessage: 400 Illegal character 0x16 for HttpChannelOverHttp@7211a48b{r=0,c=false,a=IDLE,uri=}
18/07/20 20:45:43 WARN HttpParser: Illegal character 0x16 in state=START for buffer HeapByteBuffer@5402b1b3[p=1,l=517,c=16384,r=516]={\x16<<<\x03\x01\x02\x00\x01\x00\x01\xFc\x03\x03FaI\xEaE\xCb\xF0...\x00\x00\x00\x00\x00\x00\x00\x00\x00\x00\x00\x00\x00\x00\x00>>>\x00\x00\x00\x00\x00\x00\x00\x00\x00\x00\x00\x00\x00\x00\x00\x00\x00...\x00\x00\x00\x00\x00\x00\x00\x00\x00\x00\x00\x00\x00\x00\x00}
18/07/20 20:45:43 WARN HttpParser: badMessage: 400 Illegal character 0x16 for HttpChannelOverHttp@6acfec57{r=0,c=false,a=IDLE,uri=}
